<?xml version="1.0" encoding="UTF-8"?>
<testng-results ignored="0" total="2" passed="2" failed="0" skipped="0">
  <reporter-output>
  </reporter-output>
  <suite started-at="2025-10-15T22:03:42 EDT" name="Suite" finished-at="2025-10-15T22:04:06 EDT" duration-ms="24139">
    <groups>
      <group name="cucumber">
        <method signature="AbstractTestNGCucumberTests.runScenario(io.cucumber.testng.PickleWrapper, io.cucumber.testng.FeatureWrapper)[pri:0, instance:com.target.runner.RegrassionTest@59fd97a8]" name="runScenario" class="io.cucumber.testng.AbstractTestNGCucumberTests"/>
        <method signature="AbstractTestNGCucumberTests.runScenario(io.cucumber.testng.PickleWrapper, io.cucumber.testng.FeatureWrapper)[pri:0, instance:com.target.runner.RegrassionTest@79924b]" name="runScenario" class="io.cucumber.testng.AbstractTestNGCucumberTests"/>
      </group> <!-- cucumber -->
    </groups>
    <test started-at="2025-10-15T22:03:42 EDT" name="chromeTest" finished-at="2025-10-15T22:03:58 EDT" duration-ms="15685">
      <class name="com.target.runner.RegrassionTest">
        <test-method is-config="true" signature="setUpClass()[pri:0, instance:com.target.runner.RegrassionTest@59fd97a8]" started-at="2025-10-15T22:03:42 EDT" name="setUpClass" finished-at="2025-10-15T22:03:43 EDT" duration-ms="293" status="PASS">
          <reporter-output>
          </reporter-output>
        </test-method> <!-- setUpClass -->
        <test-method signature="runScenario(io.cucumber.testng.PickleWrapper, io.cucumber.testng.FeatureWrapper)[pri:0, instance:com.target.runner.RegrassionTest@59fd97a8]" started-at="2025-10-15T22:03:43 EDT" name="runScenario" description="Runs Cucumber Scenarios" data-provider="scenarios" finished-at="2025-10-15T22:03:57 EDT" duration-ms="14356" status="PASS">
          <params>
            <param index="0">
              <value>
                <![CDATA["Search for a product"]]>
              </value>
            </param>
            <param index="1">
              <value>
                <![CDATA["Target Website Shopping Functionality"]]>
              </value>
            </param>
          </params>
          <reporter-output>
          </reporter-output>
        </test-method> <!-- runScenario -->
        <test-method is-config="true" signature="tearDownClass()[pri:0, instance:com.target.runner.RegrassionTest@59fd97a8]" started-at="2025-10-15T22:03:57 EDT" name="tearDownClass" finished-at="2025-10-15T22:03:58 EDT" duration-ms="1001" status="PASS">
          <reporter-output>
          </reporter-output>
        </test-method> <!-- tearDownClass -->
      </class> <!-- com.target.runner.RegrassionTest -->
    </test> <!-- chromeTest -->
    <test started-at="2025-10-15T22:03:58 EDT" name="firefoxTest" finished-at="2025-10-15T22:04:06 EDT" duration-ms="8418">
      <class name="com.target.runner.RegrassionTest">
        <test-method is-config="true" signature="beforeSuite()[pri:0, instance:com.target.runner.RegrassionTest@79924b]" started-at="2025-10-15T22:03:42 EDT" name="beforeSuite" finished-at="2025-10-15T22:03:42 EDT" duration-ms="14" status="PASS">
          <reporter-output>
          </reporter-output>
        </test-method> <!-- beforeSuite -->
        <test-method is-config="true" signature="setUpClass()[pri:0, instance:com.target.runner.RegrassionTest@79924b]" started-at="2025-10-15T22:03:58 EDT" name="setUpClass" finished-at="2025-10-15T22:03:58 EDT" duration-ms="10" status="PASS">
          <reporter-output>
          </reporter-output>
        </test-method> <!-- setUpClass -->
        <test-method signature="runScenario(io.cucumber.testng.PickleWrapper, io.cucumber.testng.FeatureWrapper)[pri:0, instance:com.target.runner.RegrassionTest@79924b]" started-at="2025-10-15T22:03:58 EDT" name="runScenario" description="Runs Cucumber Scenarios" data-provider="scenarios" finished-at="2025-10-15T22:04:06 EDT" duration-ms="8119" status="PASS">
          <params>
            <param index="0">
              <value>
                <![CDATA["Search for a product"]]>
              </value>
            </param>
            <param index="1">
              <value>
                <![CDATA["Target Website Shopping Functionality"]]>
              </value>
            </param>
          </params>
          <reporter-output>
          </reporter-output>
        </test-method> <!-- runScenario -->
        <test-method is-config="true" signature="tearDownClass()[pri:0, instance:com.target.runner.RegrassionTest@79924b]" started-at="2025-10-15T22:04:06 EDT" name="tearDownClass" finished-at="2025-10-15T22:04:06 EDT" duration-ms="285" status="PASS">
          <reporter-output>
          </reporter-output>
        </test-method> <!-- tearDownClass -->
        <test-method is-config="true" signature="afterSuite()[pri:0, instance:com.target.runner.RegrassionTest@79924b]" started-at="2025-10-15T22:04:06 EDT" name="afterSuite" finished-at="2025-10-15T22:04:06 EDT" duration-ms="0" status="PASS">
          <reporter-output>
          </reporter-output>
        </test-method> <!-- afterSuite -->
      </class> <!-- com.target.runner.RegrassionTest -->
    </test> <!-- firefoxTest -->
  </suite> <!-- Suite -->
</testng-results>
